<?xml version="1.0" encoding="UTF-8"?>
<!-- Generated by org.testng.reporters.JUnitXMLReporter -->
<testsuite ignored="10" hostname="DESKTOP-5A838FM" failures="0" tests="2" name="Test" time="52.467" errors="0" timestamp="2024-08-20T10:47:08 IST">
  <testcase classname="com.testng.testcase.SearchTest" name="verifySearchWithValidProduct" time="1.11"/>
  <testcase classname="com.testng.testcase.LoginTest" name="verifyInvalidlogincredentials" time="15.769"/>
  <testcase classname="com.testng.testcase.RegisterTest" name="validselectingallfields" time="0.0">
    <ignored/>
  </testcase> <!-- validselectingallfields -->
  <testcase classname="com.testng.testcase.LoginTest" name="verifyinvalidemailandinvalidpassword" time="0.0">
    <ignored/>
  </testcase> <!-- verifyinvalidemailandinvalidpassword -->
  <testcase classname="com.testng.testcase.SearchTest" name="verifySearchWithInValidProduct" time="0.0">
    <ignored/>
  </testcase> <!-- verifySearchWithInValidProduct -->
  <testcase classname="com.testng.testcase.RegisterTest" name="validmandatoryfields" time="0.0">
    <ignored/>
  </testcase> <!-- validmandatoryfields -->
  <testcase classname="com.testng.testcase.LoginTest" name="verifyinvalidemailandvalidpassword" time="0.0">
    <ignored/>
  </testcase> <!-- verifyinvalidemailandvalidpassword -->
  <testcase classname="com.testng.testcase.RegisterTest" name="validexistingemailaddressfields" time="0.0">
    <ignored/>
  </testcase> <!-- validexistingemailaddressfields -->
  <testcase classname="com.testng.testcase.LoginTest" name="verifyemptytxt" time="0.0">
    <ignored/>
  </testcase> <!-- verifyemptytxt -->
  <testcase classname="com.testng.testcase.RegisterTest" name="validwithoutfillinganyfield" time="0.0">
    <ignored/>
  </testcase> <!-- validwithoutfillinganyfield -->
  <testcase classname="com.testng.testcase.LoginTest" name="verifylogincredentials" time="0.0">
    <ignored/>
  </testcase> <!-- verifylogincredentials -->
  <testcase classname="com.testng.testcase.SearchTest" name="verifySearchWithoutAnyProduct" time="0.0">
    <ignored/>
  </testcase> <!-- verifySearchWithoutAnyProduct -->
</testsuite> <!-- Test -->
