<?xml version="1.0" encoding="UTF-8"?>
<!-- Generated by org.testng.reporters.JUnitXMLReporter -->
<testsuite ignored="3" hostname="DESKTOP-5A838FM" failures="0" tests="1" name="Default test" time="25.992" errors="0" timestamp="2024-08-20T11:24:02 IST">
  <testcase classname="com.testng.testcase.RegisterTest" name="validselectingallfields" time="11.231"/>
  <testcase classname="com.testng.testcase.RegisterTest" name="validmandatoryfields" time="0.0">
    <ignored/>
  </testcase> <!-- validmandatoryfields -->
  <testcase classname="com.testng.testcase.RegisterTest" name="validexistingemailaddressfields" time="0.0">
    <ignored/>
  </testcase> <!-- validexistingemailaddressfields -->
  <testcase classname="com.testng.testcase.RegisterTest" name="validwithoutfillinganyfield" time="0.0">
    <ignored/>
  </testcase> <!-- validwithoutfillinganyfield -->
</testsuite> <!-- Default test -->
