<?xml version="1.0" encoding="UTF-8"?>
<!-- Generated by org.testng.reporters.JUnitXMLReporter -->
<testsuite ignored="0" hostname="DESKTOP-5A838FM" failures="0" tests="4" name="Default test" time="60.445" errors="0" timestamp="2024-08-17T17:11:51 IST">
  <testcase classname="com.testng.testcase.Register" name="validmandatoryfields" time="2.201"/>
  <testcase classname="com.testng.testcase.Register" name="validselectingallfields" time="3.311"/>
  <testcase classname="com.testng.testcase.Register" name="validexistingemailaddressfields" time="2.405"/>
  <testcase classname="com.testng.testcase.Register" name="validwithoutfillinganyfield" time="0.874"/>
</testsuite> <!-- Default test -->
