<?xml version="1.0" encoding="UTF-8"?>
<testng-results ignored="3" total="4" passed="1" failed="0" skipped="0">
  <reporter-output>
  </reporter-output>
  <suite started-at="2024-08-20T11:23:36 IST" name="Default suite" finished-at="2024-08-20T11:24:02 IST" duration-ms="25992">
    <groups>
    </groups>
    <test started-at="2024-08-20T11:23:36 IST" name="Default test" finished-at="2024-08-20T11:24:02 IST" duration-ms="25992">
      <class name="com.testng.testcase.RegisterTest">
        <test-method is-config="true" signature="setup()[pri:0, instance:com.testng.testcase.RegisterTest@185a6e9]" started-at="2024-08-20T11:23:36 IST" name="setup" finished-at="2024-08-20T11:23:48 IST" duration-ms="12011" status="PASS">
          <reporter-output>
          </reporter-output>
        </test-method> <!-- setup -->
        <test-method signature="validselectingallfields()[pri:2, instance:com.testng.testcase.RegisterTest@185a6e9]" started-at="2024-08-20T11:23:48 IST" name="validselectingallfields" finished-at="2024-08-20T11:23:59 IST" duration-ms="11231" status="PASS">
          <reporter-output>
          </reporter-output>
        </test-method> <!-- validselectingallfields -->
        <test-method is-config="true" signature="teardown()[pri:0, instance:com.testng.testcase.RegisterTest@185a6e9]" started-at="2024-08-20T11:23:59 IST" name="teardown" finished-at="2024-08-20T11:24:02 IST" duration-ms="2682" status="PASS">
          <reporter-output>
          </reporter-output>
        </test-method> <!-- teardown -->
      </class> <!-- com.testng.testcase.RegisterTest -->
    </test> <!-- Default test -->
  </suite> <!-- Default suite -->
</testng-results>
