<?xml version="1.0" encoding="UTF-8"?>
<!-- Generated by org.testng.reporters.JUnitXMLReporter -->
<testsuite ignored="0" hostname="DESKTOP-5A838FM" failures="11" tests="11" name="Tutorials Test Case" time="265.105" errors="0" timestamp="2024-08-17T19:52:56 IST">
  <testcase classname="com.testng.testcase.Register" name="validmandatoryfields" time="17.153">
    <failure type="java.lang.NullPointerException" message="Cannot invoke &amp;quot;com.aventstack.extentreports.ExtentTest.log(com.aventstack.extentreports.Status, String)&amp;quot; because &amp;quot;this.extentTest&amp;quot; is null">
      <![CDATA[java.lang.NullPointerException: Cannot invoke "com.aventstack.extentreports.ExtentTest.log(com.aventstack.extentreports.Status, String)" because "this.extentTest" is null
at com.testng.listeners.MyListeners.onTestSuccess(MyListeners.java:53)
at java.base/java.util.ArrayList.forEach(ArrayList.java:1597)
... Removed 24 stack frames]]>
    </failure>
  </testcase> <!-- validmandatoryfields -->
  <testcase classname="com.testng.testcase.Register" name="validselectingallfields" time="17.421">
    <failure type="java.lang.NullPointerException" message="Cannot invoke &amp;quot;com.aventstack.extentreports.ExtentTest.log(com.aventstack.extentreports.Status, String)&amp;quot; because &amp;quot;this.extentTest&amp;quot; is null">
      <![CDATA[java.lang.NullPointerException: Cannot invoke "com.aventstack.extentreports.ExtentTest.log(com.aventstack.extentreports.Status, String)" because "this.extentTest" is null
at com.testng.listeners.MyListeners.onTestSuccess(MyListeners.java:53)
at java.base/java.util.ArrayList.forEach(ArrayList.java:1597)
... Removed 24 stack frames]]>
    </failure>
  </testcase> <!-- validselectingallfields -->
  <testcase classname="com.testng.testcase.Register" name="validexistingemailaddressfields" time="16.213">
    <failure type="java.lang.NullPointerException" message="Cannot invoke &amp;quot;com.aventstack.extentreports.ExtentTest.log(com.aventstack.extentreports.Status, String)&amp;quot; because &amp;quot;this.extentTest&amp;quot; is null">
      <![CDATA[java.lang.NullPointerException: Cannot invoke "com.aventstack.extentreports.ExtentTest.log(com.aventstack.extentreports.Status, String)" because "this.extentTest" is null
at com.testng.listeners.MyListeners.onTestSuccess(MyListeners.java:53)
at java.base/java.util.ArrayList.forEach(ArrayList.java:1597)
... Removed 24 stack frames]]>
    </failure>
  </testcase> <!-- validexistingemailaddressfields -->
  <testcase classname="com.testng.testcase.Register" name="validwithoutfillinganyfield" time="15.353">
    <failure type="java.lang.NullPointerException" message="Cannot invoke &amp;quot;com.aventstack.extentreports.ExtentTest.log(com.aventstack.extentreports.Status, String)&amp;quot; because &amp;quot;this.extentTest&amp;quot; is null">
      <![CDATA[java.lang.NullPointerException: Cannot invoke "com.aventstack.extentreports.ExtentTest.log(com.aventstack.extentreports.Status, String)" because "this.extentTest" is null
at com.testng.listeners.MyListeners.onTestSuccess(MyListeners.java:53)
at java.base/java.util.ArrayList.forEach(ArrayList.java:1597)
... Removed 24 stack frames]]>
    </failure>
  </testcase> <!-- validwithoutfillinganyfield -->
  <testcase classname="com.testng.testcase.Login" name="verifylogincredentials" time="24.858">
    <failure type="java.lang.NullPointerException" message="Cannot invoke &amp;quot;com.aventstack.extentreports.ExtentTest.log(com.aventstack.extentreports.Status, String)&amp;quot; because &amp;quot;this.extentTest&amp;quot; is null">
      <![CDATA[java.lang.NullPointerException: Cannot invoke "com.aventstack.extentreports.ExtentTest.log(com.aventstack.extentreports.Status, String)" because "this.extentTest" is null
at com.testng.listeners.MyListeners.onTestSuccess(MyListeners.java:53)
at java.base/java.util.ArrayList.forEach(ArrayList.java:1597)
... Removed 24 stack frames]]>
    </failure>
  </testcase> <!-- verifylogincredentials -->
  <testcase classname="com.testng.testcase.Login" name="verifyInvalidlogincredentials" time="16.741">
    <failure type="java.lang.NullPointerException" message="Cannot invoke &amp;quot;com.aventstack.extentreports.ExtentTest.log(com.aventstack.extentreports.Status, String)&amp;quot; because &amp;quot;this.extentTest&amp;quot; is null">
      <![CDATA[java.lang.NullPointerException: Cannot invoke "com.aventstack.extentreports.ExtentTest.log(com.aventstack.extentreports.Status, String)" because "this.extentTest" is null
at com.testng.listeners.MyListeners.onTestSuccess(MyListeners.java:53)
at java.base/java.util.ArrayList.forEach(ArrayList.java:1597)
... Removed 24 stack frames]]>
    </failure>
  </testcase> <!-- verifyInvalidlogincredentials -->
  <testcase classname="com.testng.testcase.Login" name="verifyinvalidemailandvalidpassword" time="19.53">
    <failure type="java.lang.NullPointerException" message="Cannot invoke &amp;quot;com.aventstack.extentreports.ExtentTest.log(com.aventstack.extentreports.Status, String)&amp;quot; because &amp;quot;this.extentTest&amp;quot; is null">
      <![CDATA[java.lang.NullPointerException: Cannot invoke "com.aventstack.extentreports.ExtentTest.log(com.aventstack.extentreports.Status, String)" because "this.extentTest" is null
at com.testng.listeners.MyListeners.onTestSuccess(MyListeners.java:53)
at java.base/java.util.ArrayList.forEach(ArrayList.java:1597)
... Removed 24 stack frames]]>
    </failure>
  </testcase> <!-- verifyinvalidemailandvalidpassword -->
  <testcase classname="com.testng.testcase.Login" name="verifyinvalidemailandinvalidpassword" time="32.641">
    <failure type="java.lang.NullPointerException" message="Cannot invoke &amp;quot;com.aventstack.extentreports.ExtentTest.log(com.aventstack.extentreports.Status, String)&amp;quot; because &amp;quot;this.extentTest&amp;quot; is null">
      <![CDATA[java.lang.NullPointerException: Cannot invoke "com.aventstack.extentreports.ExtentTest.log(com.aventstack.extentreports.Status, String)" because "this.extentTest" is null
at com.testng.listeners.MyListeners.onTestSuccess(MyListeners.java:53)
at java.base/java.util.ArrayList.forEach(ArrayList.java:1597)
... Removed 24 stack frames]]>
    </failure>
  </testcase> <!-- verifyinvalidemailandinvalidpassword -->
  <testcase classname="com.testng.testcase.Login" name="verifyemptytxt" time="37.94">
    <failure type="java.lang.NullPointerException" message="Cannot invoke &amp;quot;com.aventstack.extentreports.ExtentTest.log(com.aventstack.extentreports.Status, String)&amp;quot; because &amp;quot;this.extentTest&amp;quot; is null">
      <![CDATA[java.lang.NullPointerException: Cannot invoke "com.aventstack.extentreports.ExtentTest.log(com.aventstack.extentreports.Status, String)" because "this.extentTest" is null
at com.testng.listeners.MyListeners.onTestSuccess(MyListeners.java:53)
at java.base/java.util.ArrayList.forEach(ArrayList.java:1597)
... Removed 24 stack frames]]>
    </failure>
  </testcase> <!-- verifyemptytxt -->
  <testcase classname="com.testng.testcase.Search" name="verifySearchWithValidProduct" time="47.598">
    <failure type="java.lang.NullPointerException" message="Cannot invoke &amp;quot;com.aventstack.extentreports.ExtentTest.log(com.aventstack.extentreports.Status, String)&amp;quot; because &amp;quot;this.extentTest&amp;quot; is null">
      <![CDATA[java.lang.NullPointerException: Cannot invoke "com.aventstack.extentreports.ExtentTest.log(com.aventstack.extentreports.Status, String)" because "this.extentTest" is null
at com.testng.listeners.MyListeners.onTestSuccess(MyListeners.java:53)
at java.base/java.util.ArrayList.forEach(ArrayList.java:1597)
... Removed 24 stack frames]]>
    </failure>
  </testcase> <!-- verifySearchWithValidProduct -->
  <testcase classname="com.testng.testcase.Search" name="verifySearchWithInValidProduct" time="2.107">
    <failure type="java.lang.AssertionError" message="expected [There is no product that matches the search criteria..] but found [There is no product that matches the search criteria.]">
      <![CDATA[java.lang.AssertionError: expected [There is no product that matches the search criteria..] but found [There is no product that matches the search criteria.]
at com.testng.testcase.Search.verifySearchWithInValidProduct(Search.java:50)
at java.base/java.util.ArrayList.forEach(ArrayList.java:1597)
... Removed 31 stack frames]]>
    </failure>
  </testcase> <!-- verifySearchWithInValidProduct -->
</testsuite> <!-- Tutorials Test Case -->
